<?xml version="1.0" encoding="UTF-8"?>
<!-- Generated by org.testng.reporters.JUnitReportReporter -->
<testsuite hostname="DESKTOP-QFCL18R" failures="0" tests="1" name="DataProvider.GetDataFromExcel" time="0.686" errors="0" timestamp="2022-07-22T01:36:22 IST" skipped="0">
  <testcase classname="DataProvider.GetDataFromExcel" name="datapass" time="0.686"/>
  <system-out/>
</testsuite> <!-- DataProvider.GetDataFromExcel -->
