<?xml version="1.0" encoding="UTF-8"?>
<!-- Generated by org.testng.reporters.JUnitReportReporter -->
<testsuite hostname="DESKTOP-QFCL18R" failures="0" tests="5" name="TestCases.HrmLogin" time="58.225" errors="0" timestamp="2022-07-22T00:41:57 IST" skipped="0">
  <testcase classname="TestCases.HrmLogin" name="Login" time="10.888"/>
  <system-out/>
  <testcase classname="TestCases.HrmLogin" name="Login" time="9.490"/>
  <system-out/>
  <testcase classname="TestCases.HrmLogin" name="Login" time="24.824"/>
  <system-out/>
  <testcase classname="TestCases.HrmLogin" name="Login" time="6.721"/>
  <system-out/>
  <testcase classname="TestCases.HrmLogin" name="Login" time="6.302"/>
  <system-out/>
</testsuite> <!-- TestCases.HrmLogin -->
